# JRE version: Java(TM) SE Runtime Environment (8.0_202-b08) (build 1.8.0_202-b08)
# Java VM: Java HotSpot(TM) 64-Bit Server VM (25.202-b08 mixed mode linux-amd64 compressed oops)
Heap:
 PSYoungGen      total 100352K, used 75942K [0x00000000d7500000, 0x00000000e0f00000, 0x0000000100000000)
  eden space 99840K, 76% used [0x00000000d7500000,0x00000000dbf19a70,0x00000000dd680000)
  from space 512K, 12% used [0x00000000e0e80000,0x00000000e0e90000,0x00000000e0f00000)
  to   space 512K, 0% used [0x00000000e0e00000,0x00000000e0e00000,0x00000000e0e80000)
 ParOldGen       total 84992K, used 7259K [0x0000000085e00000, 0x000000008b100000, 0x00000000d7500000)
  object space 84992K, 8% used [0x0000000085e00000,0x0000000086516ed0,0x000000008b100000)
 Metaspace       used 17735K, capacity 17934K, committed 18304K, reserved 1067008K
  class space    used 1529K, capacity 1601K, committed 1664K, reserved 1048576K
GC Heap History (10 events):
Event: 68,871 GC heap before
{Heap before GC invocations=72 (full 0):
 PSYoungGen      total 120832K, used 120384K [0x00000000d7500000, 0x00000000e0f00000, 0x0000000100000000)
  eden space 120320K, 100% used [0x00000000d7500000,0x00000000dea80000,0x00000000dea80000)
  from space 512K, 12% used [0x00000000e0e00000,0x00000000e0e10000,0x00000000e0e80000)
  to   space 512K, 0% used [0x00000000e0e80000,0x00000000e0e80000,0x00000000e0f00000)
 ParOldGen       total 84992K, used 7251K [0x0000000085e00000, 0x000000008b100000, 0x00000000d7500000)
  object space 84992K, 8% used [0x0000000085e00000,0x0000000086514ed0,0x000000008b100000)
 Metaspace       used 17718K, capacity 17934K, committed 18304K, reserved 1067008K
  class space    used 1526K, capacity 1601K, committed 1664K, reserved 1048576K
Event: 68,875 GC heap after
Heap after GC invocations=72 (full 0):
 PSYoungGen      total 116224K, used 96K [0x00000000d7500000, 0x00000000e0f00000, 0x0000000100000000)
  eden space 115712K, 0% used [0x00000000d7500000,0x00000000d7500000,0x00000000de600000)
  from space 512K, 18% used [0x00000000e0e80000,0x00000000e0e98000,0x00000000e0f00000)
  to   space 512K, 0% used [0x00000000e0e00000,0x00000000e0e00000,0x00000000e0e80000)
 ParOldGen       total 84992K, used 7251K [0x0000000085e00000, 0x000000008b100000, 0x00000000d7500000)
  object space 84992K, 8% used [0x0000000085e00000,0x0000000086514ed0,0x000000008b100000)
 Metaspace       used 17718K, capacity 17934K, committed 18304K, reserved 1067008K
  class space    used 1526K, capacity 1601K, committed 1664K, reserved 1048576K
}
Event: 69,282 GC heap before
{Heap before GC invocations=73 (full 0):
 PSYoungGen      total 116224K, used 115808K [0x00000000d7500000, 0x00000000e0f00000, 0x0000000100000000)
  eden space 115712K, 100% used [0x00000000d7500000,0x00000000de600000,0x00000000de600000)
  from space 512K, 18% used [0x00000000e0e80000,0x00000000e0e98000,0x00000000e0f00000)
  to   space 512K, 0% used [0x00000000e0e00000,0x00000000e0e00000,0x00000000e0e80000)
 ParOldGen       total 84992K, used 7251K [0x0000000085e00000, 0x000000008b100000, 0x00000000d7500000)
  object space 84992K, 8% used [0x0000000085e00000,0x0000000086514ed0,0x000000008b100000)
 Metaspace       used 17718K, capacity 17934K, committed 18304K, reserved 1067008K
  class space    used 1526K, capacity 1601K, committed 1664K, reserved 1048576K
Event: 69,284 GC heap after
Heap after GC invocations=73 (full 0):
 PSYoungGen      total 112128K, used 64K [0x00000000d7500000, 0x00000000e0f00000, 0x0000000100000000)
  eden space 111616K, 0% used [0x00000000d7500000,0x00000000d7500000,0x00000000de200000)
  from space 512K, 12% used [0x00000000e0e00000,0x00000000e0e10000,0x00000000e0e80000)
  to   space 512K, 0% used [0x00000000e0e80000,0x00000000e0e80000,0x00000000e0f00000)
 ParOldGen       total 84992K, used 7251K [0x0000000085e00000, 0x000000008b100000, 0x00000000d7500000)
  object space 84992K, 8% used [0x0000000085e00000,0x0000000086514ed0,0x000000008b100000)
 Metaspace       used 17718K, capacity 17934K, committed 18304K, reserved 1067008K
  class space    used 1526K, capacity 1601K, committed 1664K, reserved 1048576K
}
Event: 69,669 GC heap before
{Heap before GC invocations=74 (full 0):
 PSYoungGen      total 112128K, used 111680K [0x00000000d7500000, 0x00000000e0f00000, 0x0000000100000000)
  eden space 111616K, 100% used [0x00000000d7500000,0x00000000de200000,0x00000000de200000)
  from space 512K, 12% used [0x00000000e0e00000,0x00000000e0e10000,0x00000000e0e80000)
  to   space 512K, 0% used [0x00000000e0e80000,0x00000000e0e80000,0x00000000e0f00000)
 ParOldGen       total 84992K, used 7251K [0x0000000085e00000, 0x000000008b100000, 0x00000000d7500000)
  object space 84992K, 8% used [0x0000000085e00000,0x0000000086514ed0,0x000000008b100000)
 Metaspace       used 17718K, capacity 17934K, committed 18304K, reserved 1067008K
  class space    used 1526K, capacity 1601K, committed 1664K, reserved 1048576K
Event: 69,671 GC heap after
Heap after GC invocations=74 (full 0):
 PSYoungGen      total 108032K, used 64K [0x00000000d7500000, 0x00000000e0f00000, 0x0000000100000000)
  eden space 107520K, 0% used [0x00000000d7500000,0x00000000d7500000,0x00000000dde00000)
  from space 512K, 12% used [0x00000000e0e80000,0x00000000e0e90000,0x00000000e0f00000)
  to   space 512K, 0% used [0x00000000e0e00000,0x00000000e0e00000,0x00000000e0e80000)
 ParOldGen       total 84992K, used 7259K [0x0000000085e00000, 0x000000008b100000, 0x00000000d7500000)
  object space 84992K, 8% used [0x0000000085e00000,0x0000000086516ed0,0x000000008b100000)
 Metaspace       used 17718K, capacity 17934K, committed 18304K, reserved 1067008K
  class space    used 1526K, capacity 1601K, committed 1664K, reserved 1048576K
}
Event: 70,054 GC heap before
{Heap before GC invocations=75 (full 0):
 PSYoungGen      total 108032K, used 107584K [0x00000000d7500000, 0x00000000e0f00000, 0x0000000100000000)
  eden space 107520K, 100% used [0x00000000d7500000,0x00000000dde00000,0x00000000dde00000)
  from space 512K, 12% used [0x00000000e0e80000,0x00000000e0e90000,0x00000000e0f00000)
  to   space 512K, 0% used [0x00000000e0e00000,0x00000000e0e00000,0x00000000e0e80000)
 ParOldGen       total 84992K, used 7259K [0x0000000085e00000, 0x000000008b100000, 0x00000000d7500000)
  object space 84992K, 8% used [0x0000000085e00000,0x0000000086516ed0,0x000000008b100000)
 Metaspace       used 17718K, capacity 17934K, committed 18304K, reserved 1067008K
  class space    used 1526K, capacity 1601K, committed 1664K, reserved 1048576K
Event: 70,058 GC heap after
Heap after GC invocations=75 (full 0):
 PSYoungGen      total 103936K, used 64K [0x00000000d7500000, 0x00000000e0f00000, 0x0000000100000000)
  eden space 103424K, 0% used [0x00000000d7500000,0x00000000d7500000,0x00000000dda00000)
  from space 512K, 12% used [0x00000000e0e00000,0x00000000e0e10000,0x00000000e0e80000)
  to   space 512K, 0% used [0x00000000e0e80000,0x00000000e0e80000,0x00000000e0f00000)
 ParOldGen       total 84992K, used 7259K [0x0000000085e00000, 0x000000008b100000, 0x00000000d7500000)
  object space 84992K, 8% used [0x0000000085e00000,0x0000000086516ed0,0x000000008b100000)
 Metaspace       used 17718K, capacity 17934K, committed 18304K, reserved 1067008K
  class space    used 1526K, capacity 1601K, committed 1664K, reserved 1048576K
}
Event: 70,405 GC heap before
{Heap before GC invocations=76 (full 0):
 PSYoungGen      total 103936K, used 103488K [0x00000000d7500000, 0x00000000e0f00000, 0x0000000100000000)
  eden space 103424K, 100% used [0x00000000d7500000,0x00000000dda00000,0x00000000dda00000)
  from space 512K, 12% used [0x00000000e0e00000,0x00000000e0e10000,0x00000000e0e80000)
  to   space 512K, 0% used [0x00000000e0e80000,0x00000000e0e80000,0x00000000e0f00000)
 ParOldGen       total 84992K, used 7259K [0x0000000085e00000, 0x000000008b100000, 0x00000000d7500000)
  object space 84992K, 8% used [0x0000000085e00000,0x0000000086516ed0,0x000000008b100000)
 Metaspace       used 17718K, capacity 17934K, committed 18304K, reserved 1067008K
  class space    used 1526K, capacity 1601K, committed 1664K, reserved 1048576K
Event: 70,411 GC heap after
Heap after GC invocations=76 (full 0):
 PSYoungGen      total 100352K, used 64K [0x00000000d7500000, 0x00000000e0f00000, 0x0000000100000000)
  eden space 99840K, 0% used [0x00000000d7500000,0x00000000d7500000,0x00000000dd680000)
  from space 512K, 12% used [0x00000000e0e80000,0x00000000e0e90000,0x00000000e0f00000)
  to   space 512K, 0% used [0x00000000e0e00000,0x00000000e0e00000,0x00000000e0e80000)
 ParOldGen       total 84992K, used 7259K [0x0000000085e00000, 0x000000008b100000, 0x00000000d7500000)
  object space 84992K, 8% used [0x0000000085e00000,0x0000000086516ed0,0x000000008b100000)
 Metaspace       used 17718K, capacity 17934K, committed 18304K, reserved 1067008K
  class space    used 1526K, capacity 1601K, committed 1664K, reserved 1048576K
}

